<?xml version="1.0" encoding="UTF-8"?>
<!-- Generated by org.testng.reporters.JUnitReportReporter -->
<testsuite skipped="0" hostname="L500902" name="AllTests" tests="2" failures="0" timestamp="06 Apr 2019 12:59:18 GMT" time="105.714" errors="0">
  <testcase name="orderFromRestaurantWithSingleOutlet" time="43.430" classname="AllTests"/>
  <testcase name="orderFromRestaurantWithSingleOutlet" time="62.284" classname="AllTests"/>
</testsuite> <!-- AllTests -->
